<?xml version="1.0" encoding="UTF-8"?>
<testng-results ignored="0" total="6" passed="6" failed="0" skipped="0">
  <reporter-output>
  </reporter-output>
  <suite started-at="2024-11-10T11:18:48 IST" name="All Test Suite" finished-at="2024-11-10T11:18:54 IST" duration-ms="6158">
    <groups>
    </groups>
    <test started-at="2024-11-10T11:18:48 IST" name="C:/Users/Admin/IdeaProjects/TestMavenSeleniumProject/src/test/java/testngDemo3/DataProviderDemo.java" finished-at="2024-11-10T11:18:54 IST" duration-ms="6158">
      <class name="testngDemo3.DataProviderDemo">
        <test-method signature="testcase1(java.lang.String,java.lang.String)[pri:0, instance:testngDemo3.DataProviderDemo@1d76aeea]" started-at="2024-11-10T11:18:48 IST" name="testcase1" data-provider="dp" finished-at="2024-11-10T11:18:49 IST" duration-ms="1017" status="PASS">
          <params>
            <param index="0">
              <value>
                <![CDATA[standard_user]]>
              </value>
            </param>
            <param index="1">
              <value>
                <![CDATA[secret_sauce]]>
              </value>
            </param>
          </params>
          <reporter-output>
          </reporter-output>
        </test-method> <!-- testcase1 -->
        <test-method signature="testcase1(java.lang.String,java.lang.String)[pri:0, instance:testngDemo3.DataProviderDemo@1d76aeea]" started-at="2024-11-10T11:18:49 IST" name="testcase1" data-provider="dp" finished-at="2024-11-10T11:18:50 IST" duration-ms="1009" status="PASS">
          <params>
            <param index="0">
              <value>
                <![CDATA[locked_out_user]]>
              </value>
            </param>
            <param index="1">
              <value>
                <![CDATA[secret_sauce]]>
              </value>
            </param>
          </params>
          <reporter-output>
          </reporter-output>
        </test-method> <!-- testcase1 -->
        <test-method signature="testcase1(java.lang.String,java.lang.String)[pri:0, instance:testngDemo3.DataProviderDemo@1d76aeea]" started-at="2024-11-10T11:18:50 IST" name="testcase1" data-provider="dp" finished-at="2024-11-10T11:18:51 IST" duration-ms="1005" status="PASS">
          <params>
            <param index="0">
              <value>
                <![CDATA[problem_user]]>
              </value>
            </param>
            <param index="1">
              <value>
                <![CDATA[secret_sauce]]>
              </value>
            </param>
          </params>
          <reporter-output>
          </reporter-output>
        </test-method> <!-- testcase1 -->
        <test-method signature="testcase1(java.lang.String,java.lang.String)[pri:0, instance:testngDemo3.DataProviderDemo@1d76aeea]" started-at="2024-11-10T11:18:51 IST" name="testcase1" data-provider="dp" finished-at="2024-11-10T11:18:52 IST" duration-ms="1007" status="PASS">
          <params>
            <param index="0">
              <value>
                <![CDATA[performance_glitch_user]]>
              </value>
            </param>
            <param index="1">
              <value>
                <![CDATA[secret_sauce]]>
              </value>
            </param>
          </params>
          <reporter-output>
          </reporter-output>
        </test-method> <!-- testcase1 -->
        <test-method signature="testcase1(java.lang.String,java.lang.String)[pri:0, instance:testngDemo3.DataProviderDemo@1d76aeea]" started-at="2024-11-10T11:18:52 IST" name="testcase1" data-provider="dp" finished-at="2024-11-10T11:18:53 IST" duration-ms="1005" status="PASS">
          <params>
            <param index="0">
              <value>
                <![CDATA[error_user]]>
              </value>
            </param>
            <param index="1">
              <value>
                <![CDATA[secret_sauce]]>
              </value>
            </param>
          </params>
          <reporter-output>
          </reporter-output>
        </test-method> <!-- testcase1 -->
        <test-method signature="testcase1(java.lang.String,java.lang.String)[pri:0, instance:testngDemo3.DataProviderDemo@1d76aeea]" started-at="2024-11-10T11:18:53 IST" name="testcase1" data-provider="dp" finished-at="2024-11-10T11:18:54 IST" duration-ms="1008" status="PASS">
          <params>
            <param index="0">
              <value>
                <![CDATA[visual_user]]>
              </value>
            </param>
            <param index="1">
              <value>
                <![CDATA[secret_sauce]]>
              </value>
            </param>
          </params>
          <reporter-output>
          </reporter-output>
        </test-method> <!-- testcase1 -->
      </class> <!-- testngDemo3.DataProviderDemo -->
    </test> <!-- C:/Users/Admin/IdeaProjects/TestMavenSeleniumProject/src/test/java/testngDemo3/DataProviderDemo.java -->
  </suite> <!-- All Test Suite -->
</testng-results>
